{
  "RSpec": {
    "coverage": {
      "/home/kosasha/4/opo/l1/ruby-starter-project/l1/lib/converter.rb": {
        "lines": [
          1,
          1,
          1,
          1,
          null,
          1,
          null,
          1,
          1,
          null,
          null,
          1,
          1,
          null,
          null,
          1,
          1,
          null,
          null,
          1,
          1,
          null,
          null,
          1,
          1,
          null,
          null,
          1,
          1,
          null,
          null,
          1,
          2,
          null,
          1,
          null,
          1,
          null,
          null,
          null,
          1,
          2,
          null,
          1,
          null,
          1,
          null,
          null,
          null,
          1,
          2,
          null,
          1,
          null,
          1,
          null,
          null,
          null,
          1,
          6,
          null,
          6,
          null,
          2,
          null,
          2,
          null,
          2,
          null,
          null,
          null
        ]
      }
    },
    "timestamp": 1601313730
  }
}
