{
  "RSpec": {
    "coverage": {
      "/home/kosasha/4/opo/l1/ruby-starter-project/l2/lib/calculate.rb": {
        "lines": [
          1,
          null,
          1,
          1,
          1,
          1,
          1,
          null,
          1,
          1,
          1,
          49,
          null,
          1,
          null,
          null,
          1,
          1,
          1,
          49,
          null,
          1,
          null,
          null,
          1,
          2,
          2,
          98,
          null,
          2,
          null,
          null,
          1,
          1,
          1,
          1,
          1,
          1,
          49,
          null,
          1,
          null,
          null,
          1,
          4,
          4,
          null,
          1,
          null,
          1,
          null,
          1,
          null,
          1,
          null,
          null,
          null
        ]
      }
    },
    "timestamp": 1601313744
  }
}
